2018-02-02 16:53:28.917  INFO 5536 --- [main] c.gengsc.cachebreak.CacheBreakDownTest   : Starting CacheBreakDownTest on DESKTOP-NJ7F21U with PID 5536 (started by Administrator in E:\IdeaProjects\cachebreak)
2018-02-02 16:53:28.925  INFO 5536 --- [main] c.gengsc.cachebreak.CacheBreakDownTest   : No active profile set, falling back to default profiles: default
2018-02-02 16:53:29.040  INFO 5536 --- [main] o.s.w.c.s.GenericWebApplicationContext   : Refreshing org.springframework.web.context.support.GenericWebApplicationContext@793be5ca: startup date [Fri Feb 02 16:53:29 GMT+08:00 2018]; root of context hierarchy
2018-02-02 16:53:30.527  INFO 5536 --- [main] .s.d.r.c.RepositoryConfigurationDelegate : Multiple Spring Data modules found, entering strict repository configuration mode!
2018-02-02 16:53:31.500  INFO 5536 --- [main] trationDelegate$BeanPostProcessorChecker : Bean 'org.springframework.cache.annotation.ProxyCachingConfiguration' of type [org.springframework.cache.annotation.ProxyCachingConfiguration$$EnhancerBySpringCGLIB$$a6f38849] is not eligible for getting processed by all BeanPostProcessors (for example: not eligible for auto-proxying)
2018-02-02 16:53:31.506  INFO 5536 --- [main] trationDelegate$BeanPostProcessorChecker : Bean 'org.springframework.transaction.annotation.ProxyTransactionManagementConfiguration' of type [org.springframework.transaction.annotation.ProxyTransactionManagementConfiguration$$EnhancerBySpringCGLIB$$5de1522b] is not eligible for getting processed by all BeanPostProcessors (for example: not eligible for auto-proxying)
2018-02-02 16:53:31.561  INFO 5536 --- [main] trationDelegate$BeanPostProcessorChecker : Bean 'org.springframework.boot.autoconfigure.cache.CacheAutoConfiguration' of type [org.springframework.boot.autoconfigure.cache.CacheAutoConfiguration$$EnhancerBySpringCGLIB$$9b674ced] is not eligible for getting processed by all BeanPostProcessors (for example: not eligible for auto-proxying)
2018-02-02 16:53:31.673  INFO 5536 --- [main] trationDelegate$BeanPostProcessorChecker : Bean 'spring.cache-org.springframework.boot.autoconfigure.cache.CacheProperties' of type [org.springframework.boot.autoconfigure.cache.CacheProperties] is not eligible for getting processed by all BeanPostProcessors (for example: not eligible for auto-proxying)
2018-02-02 16:53:31.684  INFO 5536 --- [main] trationDelegate$BeanPostProcessorChecker : Bean 'cacheManagerCustomizers' of type [org.springframework.boot.autoconfigure.cache.CacheManagerCustomizers] is not eligible for getting processed by all BeanPostProcessors (for example: not eligible for auto-proxying)
2018-02-02 16:53:31.688  INFO 5536 --- [main] trationDelegate$BeanPostProcessorChecker : Bean 'org.springframework.boot.autoconfigure.cache.RedisCacheConfiguration' of type [org.springframework.boot.autoconfigure.cache.RedisCacheConfiguration$$EnhancerBySpringCGLIB$$4bf8e947] is not eligible for getting processed by all BeanPostProcessors (for example: not eligible for auto-proxying)
2018-02-02 16:53:31.720  INFO 5536 --- [main] trationDelegate$BeanPostProcessorChecker : Bean 'redisConfig' of type [com.gengsc.cachebreak.redis.RedisConfig$$EnhancerBySpringCGLIB$$aa8daf83] is not eligible for getting processed by all BeanPostProcessors (for example: not eligible for auto-proxying)
2018-02-02 16:53:31.776  INFO 5536 --- [main] trationDelegate$BeanPostProcessorChecker : Bean 'redisConnectionFactory' of type [org.springframework.data.redis.connection.jedis.JedisConnectionFactory] is not eligible for getting processed by all BeanPostProcessors (for example: not eligible for auto-proxying)
2018-02-02 16:53:31.803  INFO 5536 --- [main] trationDelegate$BeanPostProcessorChecker : Bean 'redisTemplate' of type [org.springframework.data.redis.core.RedisTemplate] is not eligible for getting processed by all BeanPostProcessors (for example: not eligible for auto-proxying)
2018-02-02 16:53:31.815  INFO 5536 --- [main] trationDelegate$BeanPostProcessorChecker : Bean 'cacheManager' of type [org.springframework.data.redis.cache.RedisCacheManager] is not eligible for getting processed by all BeanPostProcessors (for example: not eligible for auto-proxying)
2018-02-02 16:53:31.816  INFO 5536 --- [main] trationDelegate$BeanPostProcessorChecker : Bean 'cacheAutoConfigurationValidator' of type [org.springframework.boot.autoconfigure.cache.CacheAutoConfiguration$CacheManagerValidator] is not eligible for getting processed by all BeanPostProcessors (for example: not eligible for auto-proxying)
2018-02-02 16:53:33.221  INFO 5536 --- [main] s.w.s.m.m.a.RequestMappingHandlerAdapter : Looking for @ControllerAdvice: org.springframework.web.context.support.GenericWebApplicationContext@793be5ca: startup date [Fri Feb 02 16:53:29 GMT+08:00 2018]; root of context hierarchy
2018-02-02 16:53:33.356  INFO 5536 --- [main] s.w.s.m.m.a.RequestMappingHandlerMapping : Mapped "{[/hello]}" onto public java.lang.String com.gengsc.cachebreak.controller.HelloWorldController.index()
2018-02-02 16:53:33.362  INFO 5536 --- [main] s.w.s.m.m.a.RequestMappingHandlerMapping : Mapped "{[/error]}" onto public org.springframework.http.ResponseEntity<java.util.Map<java.lang.String, java.lang.Object>> org.springframework.boot.autoconfigure.web.BasicErrorController.error(javax.servlet.http.HttpServletRequest)
2018-02-02 16:53:33.362  INFO 5536 --- [main] s.w.s.m.m.a.RequestMappingHandlerMapping : Mapped "{[/error],produces=[text/html]}" onto public org.springframework.web.servlet.ModelAndView org.springframework.boot.autoconfigure.web.BasicErrorController.errorHtml(javax.servlet.http.HttpServletRequest,javax.servlet.http.HttpServletResponse)
2018-02-02 16:53:33.422  INFO 5536 --- [main] o.s.w.s.handler.SimpleUrlHandlerMapping  : Mapped URL path [/webjars/**] onto handler of type [class org.springframework.web.servlet.resource.ResourceHttpRequestHandler]
2018-02-02 16:53:33.423  INFO 5536 --- [main] o.s.w.s.handler.SimpleUrlHandlerMapping  : Mapped URL path [/**] onto handler of type [class org.springframework.web.servlet.resource.ResourceHttpRequestHandler]
2018-02-02 16:53:33.514  INFO 5536 --- [main] o.s.w.s.handler.SimpleUrlHandlerMapping  : Mapped URL path [/**/favicon.ico] onto handler of type [class org.springframework.web.servlet.resource.ResourceHttpRequestHandler]
2018-02-02 16:53:34.128  INFO 5536 --- [main] c.gengsc.cachebreak.CacheBreakDownTest   : Started CacheBreakDownTest in 6.095 seconds (JVM running for 7.901)
2018-02-02 16:53:34.230  INFO 5536 --- [Thread-3] o.s.w.c.s.GenericWebApplicationContext   : Closing org.springframework.web.context.support.GenericWebApplicationContext@793be5ca: startup date [Fri Feb 02 16:53:29 GMT+08:00 2018]; root of context hierarchy
